2025-02-11 05:22:52 [main] INFO  login - Opening the browser
2025-02-11 05:25:20 [main] INFO  login - Opening the browser
2025-02-11 05:26:56 [main] INFO  login - Opening the browser
2025-02-11 05:28:21 [main] INFO  login - Opening the browser
2025-02-11 05:28:22 [main] INFO  login - Redirect to login page
2025-02-11 05:28:23 [main] INFO  login - Enter valid email and password
2025-02-11 05:28:23 [main] INFO  login - Click on logging button
2025-02-11 05:28:24 [main] INFO  login - navigate to home page
2025-02-11 05:28:24 [main] INFO  login - close the browser
2025-02-11 05:39:59 [main] INFO  login - close the browser
2025-02-11 05:40:00 [main] INFO  login - Opening the browser
2025-02-11 05:48:33 [main] INFO  login - close the browser
2025-02-11 05:48:33 [main] INFO  login - close the browser
2025-02-11 05:48:33 [main] INFO  login - Opening the browser
2025-02-11 05:48:33 [main] INFO  login - close the browser
2025-02-11 08:15:30 [main] INFO  login - close the browser
2025-02-11 08:15:30 [main] INFO  login - close the browser
2025-02-11 08:15:30 [main] INFO  login - Opening the browser
2025-02-11 08:15:30 [main] INFO  login - close the browser
2025-02-11 08:16:53 [main] INFO  login - Opening the browser
2025-02-11 08:16:53 [main] INFO  login - Redirect to login page
2025-02-11 08:16:53 [main] INFO  login - Enter valid email and password
2025-02-11 08:16:54 [main] INFO  login - Click on logging button
2025-02-11 08:16:55 [main] INFO  login - navigate to home page
2025-02-11 08:16:55 [main] INFO  login - close the browser
2025-02-11 08:31:59 [main] INFO  login - Opening the browser
2025-02-11 08:31:59 [main] INFO  login - Redirect to login page
2025-02-11 08:31:59 [main] INFO  login - Enter valid email and password
2025-02-11 08:32:00 [main] INFO  login - Click on logging button
2025-02-11 08:32:00 [main] INFO  login - navigate to home page
2025-02-11 08:32:00 [main] INFO  login - close the browser
2025-02-11 08:32:01 [main] INFO  login - Opening the browser
2025-02-11 08:32:02 [main] INFO  login - Redirect to signup page
2025-02-11 08:32:03 [main] INFO  login - Opening the browser
2025-02-11 08:32:04 [main] INFO  login - Opening the browser
2025-02-11 08:32:06 [main] INFO  login - Opening the browser
2025-02-11 08:32:07 [main] INFO  login - Opening the browser
2025-02-11 08:32:08 [main] INFO  login - Opening the browser
2025-02-11 08:33:48 [main] INFO  login - Opening the browser
2025-02-11 08:33:48 [main] INFO  login - Redirect to signup page
2025-02-11 08:33:48 [main] INFO  login - Enter valid email and password
2025-02-11 08:33:49 [main] INFO  login - Opening the browser
2025-02-11 08:33:51 [main] INFO  login - Opening the browser
2025-02-11 08:33:52 [main] INFO  login - Opening the browser
2025-02-11 08:33:54 [main] INFO  login - Opening the browser
2025-02-11 08:33:55 [main] INFO  login - Opening the browser
2025-02-11 09:28:37 [main] INFO  login - Opening the browser
2025-02-11 09:28:43 [main] INFO  login - Opening the browser
2025-02-11 09:28:46 [main] INFO  login - Opening the browser
2025-02-11 09:28:48 [main] INFO  login - Opening the browser
2025-02-11 09:28:50 [main] INFO  login - Opening the browser
2025-02-11 09:28:52 [main] INFO  login - Opening the browser
2025-02-11 09:30:16 [main] INFO  login - Opening the browser
2025-02-11 09:30:17 [main] INFO  login - Redirect to signup page
2025-02-11 09:30:17 [main] INFO  login - Enter valid email and password
2025-02-11 09:30:18 [main] INFO  login - Opening the browser
2025-02-11 09:30:20 [main] INFO  login - Opening the browser
2025-02-11 09:30:21 [main] INFO  login - Opening the browser
2025-02-11 09:30:24 [main] INFO  login - Opening the browser
2025-02-11 09:30:26 [main] INFO  login - Opening the browser
2025-02-11 09:36:34 [main] INFO  login - Opening the browser
2025-02-11 09:36:35 [main] INFO  login - Redirect to signup page
2025-02-11 09:36:35 [main] INFO  login - Enter valid email and password
2025-02-11 09:36:36 [main] INFO  login - Opening the browser
2025-02-11 09:36:37 [main] INFO  login - Redirect to signup page
2025-02-11 09:36:37 [main] INFO  login - Enter valid email and password
2025-02-11 09:36:48 [main] INFO  login - Opening the browser
2025-02-11 09:36:50 [main] INFO  login - Opening the browser
2025-02-11 09:36:51 [main] INFO  login - Opening the browser
2025-02-11 09:36:53 [main] INFO  login - Opening the browser
2025-02-11 09:39:01 [main] INFO  login - Opening the browser
2025-02-11 09:39:02 [main] INFO  login - Redirect to signup page
2025-02-11 09:39:07 [main] INFO  login - Enter valid email and password
2025-02-11 09:39:08 [main] INFO  login - Opening the browser
2025-02-11 09:39:09 [main] INFO  login - Redirect to signup page
2025-02-11 09:39:09 [main] INFO  login - Enter valid email and password
2025-02-11 09:39:20 [main] INFO  login - Opening the browser
2025-02-11 09:39:22 [main] INFO  login - Opening the browser
2025-02-11 09:39:24 [main] INFO  login - Opening the browser
2025-02-11 09:39:25 [main] INFO  login - Opening the browser
2025-02-11 09:41:32 [main] INFO  login - Opening the browser
2025-02-11 09:41:32 [main] INFO  login - Redirect to signup page
2025-02-11 09:41:38 [main] INFO  login - Enter valid email and password
2025-02-11 09:41:39 [main] INFO  login - Opening the browser
2025-02-11 09:41:39 [main] INFO  login - Redirect to signup page
2025-02-11 09:41:40 [main] INFO  login - Enter valid email and password
2025-02-11 09:41:41 [main] INFO  login - Opening the browser
2025-02-11 09:41:42 [main] INFO  login - Opening the browser
2025-02-11 09:41:45 [main] INFO  login - Opening the browser
2025-02-11 09:41:47 [main] INFO  login - Opening the browser
2025-02-11 10:09:05 [main] INFO  login - Opening the browser
2025-02-11 10:09:06 [main] INFO  login - Redirect to signup page
2025-02-11 10:09:11 [main] INFO  login - Enter Invalid email and password
2025-02-11 10:09:12 [main] INFO  login - Opening the browser
2025-02-11 10:09:13 [main] INFO  login - Redirect to signup page
2025-02-11 10:09:13 [main] INFO  login - Enter valid firstname and lastname
2025-02-11 10:09:13 [main] INFO  login - Error message for invalid firstname and lastname
2025-02-11 10:09:14 [main] INFO  login - Opening the browser
2025-02-11 10:09:16 [main] INFO  login - Opening the browser
2025-02-11 10:09:17 [main] INFO  login - Enter valid password
2025-02-11 10:09:18 [main] INFO  login - Opening the browser
2025-02-11 10:09:19 [main] INFO  login - Enter invalid password
2025-02-11 10:09:20 [main] INFO  login - Opening the browser
2025-02-11 10:09:21 [main] INFO  login - Enter valid email
2025-02-11 10:09:22 [main] INFO  login - Opening the browser
2025-02-11 10:09:23 [main] INFO  login - Enter invalid email
2025-02-11 10:12:15 [main] INFO  login - Opening the browser
2025-02-11 10:12:16 [main] INFO  login - Redirect to signup page
2025-02-11 10:12:21 [main] INFO  login - Enter Invalid email and password
2025-02-11 10:12:22 [main] INFO  login - Opening the browser
2025-02-11 10:12:23 [main] INFO  login - Redirect to signup page
2025-02-11 10:12:23 [main] INFO  login - Enter valid firstname and lastname
2025-02-11 10:12:23 [main] INFO  login - Error message for invalid firstname and lastname
2025-02-11 10:12:24 [main] INFO  login - Opening the browser
2025-02-11 10:12:26 [main] INFO  login - Opening the browser
2025-02-11 10:12:27 [main] INFO  login - Enter valid password
2025-02-11 10:12:28 [main] INFO  login - Opening the browser
2025-02-11 10:12:29 [main] INFO  login - Enter invalid password
2025-02-11 10:12:30 [main] INFO  login - Opening the browser
2025-02-11 10:12:31 [main] INFO  login - Enter valid email
2025-02-11 10:12:33 [main] INFO  login - Opening the browser
2025-02-11 10:12:35 [main] INFO  login - Enter invalid email
2025-02-11 10:16:41 [main] INFO  login - Opening the browser
2025-02-11 10:16:42 [main] INFO  login - Redirect to signup page
2025-02-11 10:16:47 [main] INFO  login - Enter Invalid email and password
2025-02-11 10:16:48 [main] INFO  login - Opening the browser
2025-02-11 10:16:49 [main] INFO  login - Redirect to signup page
2025-02-11 10:16:49 [main] INFO  login - Enter valid firstname and lastname
2025-02-11 10:16:49 [main] INFO  login - Error message for invalid firstname and lastname
2025-02-11 10:16:51 [main] INFO  login - Opening the browser
2025-02-11 10:16:53 [main] INFO  login - Opening the browser
2025-02-11 10:16:53 [main] INFO  login - Enter valid password
2025-02-11 10:16:55 [main] INFO  login - Opening the browser
2025-02-11 10:16:56 [main] INFO  login - Enter invalid password
2025-02-11 10:16:57 [main] INFO  login - Opening the browser
2025-02-11 10:16:57 [main] INFO  login - Enter valid email
2025-02-11 10:16:58 [main] INFO  login - Opening the browser
2025-02-11 10:17:01 [main] INFO  login - Enter invalid email
2025-02-11 10:32:09 [main] INFO  login - Opening the browser
2025-02-11 10:32:10 [main] INFO  login - Redirect to signup page
2025-02-11 10:32:15 [main] INFO  login - Enter Invalid email and password
2025-02-11 10:32:16 [main] INFO  login - Opening the browser
2025-02-11 10:32:17 [main] INFO  login - Redirect to signup page
2025-02-11 10:32:17 [main] INFO  login - Enter valid firstname and lastname
2025-02-11 10:32:17 [main] INFO  login - Error message for invalid firstname and lastname
2025-02-11 10:32:18 [main] INFO  login - Opening the browser
2025-02-11 10:32:20 [main] INFO  login - Opening the browser
2025-02-11 10:32:21 [main] INFO  login - Enter valid password
2025-02-11 10:32:22 [main] INFO  login - Opening the browser
2025-02-11 10:32:23 [main] INFO  login - Enter invalid password
2025-02-11 10:32:24 [main] INFO  login - Opening the browser
2025-02-11 10:32:25 [main] INFO  login - Enter valid email
2025-02-11 10:32:26 [main] INFO  login - Opening the browser
2025-02-11 11:25:32 [main] INFO  login - Opening the browser
2025-02-11 11:25:33 [main] INFO  login - Redirect to signup page
2025-02-11 11:25:39 [main] INFO  login - Enter Invalid email and password
2025-02-11 11:25:40 [main] INFO  login - Opening the browser
2025-02-11 11:25:41 [main] INFO  login - Redirect to signup page
2025-02-11 11:25:42 [main] INFO  login - Enter valid firstname and lastname
2025-02-11 11:25:42 [main] INFO  login - Error message for invalid firstname and lastname
2025-02-11 11:25:44 [main] INFO  login - Opening the browser
2025-02-11 11:25:49 [main] INFO  login - Opening the browser
2025-02-11 11:25:51 [main] INFO  login - Enter valid password
2025-02-11 11:25:53 [main] INFO  login - Opening the browser
2025-02-11 11:25:55 [main] INFO  login - Enter invalid password
2025-02-11 11:25:59 [main] INFO  login - Opening the browser
2025-02-11 11:26:01 [main] INFO  login - Enter valid email
2025-02-11 11:26:04 [main] INFO  login - Opening the browser
2025-02-11 14:43:38 [main] INFO  login - Opening the browser
2025-02-11 14:43:39 [main] INFO  login - Redirect to signup page
2025-02-11 14:43:44 [main] INFO  login - Enter Invalid email and password
2025-02-11 14:43:45 [main] INFO  login - Opening the browser
2025-02-11 14:43:46 [main] INFO  login - Redirect to signup page
2025-02-11 14:43:46 [main] INFO  login - Enter valid firstname and lastname
2025-02-11 14:43:46 [main] INFO  login - Error message for invalid firstname and lastname
2025-02-11 14:43:47 [main] INFO  login - Opening the browser
2025-02-11 14:43:49 [main] INFO  login - Opening the browser
2025-02-11 14:43:50 [main] INFO  login - Enter valid password
2025-02-11 14:43:51 [main] INFO  login - Opening the browser
2025-02-11 14:43:52 [main] INFO  login - Enter invalid password
2025-02-11 14:43:53 [main] INFO  login - Opening the browser
2025-02-11 14:43:54 [main] INFO  login - Enter valid email
2025-02-11 14:43:55 [main] INFO  login - Opening the browser
2025-02-11 15:47:04 [main] INFO  login - Opening the browser
2025-02-11 15:47:05 [main] INFO  login - Redirect to login page
2025-02-11 15:47:05 [main] INFO  login - Enter valid email and password
2025-02-11 15:47:05 [main] INFO  login - Click on logging button
2025-02-11 15:47:06 [main] INFO  login - navigate to home page
2025-02-11 15:47:06 [main] INFO  login - close the browser
2025-02-11 15:47:07 [main] INFO  login - Opening the browser
2025-02-11 15:47:07 [main] INFO  login - Redirect to login page
2025-02-11 15:47:09 [main] INFO  login - Enter invalid email and password
2025-02-11 15:47:09 [main] INFO  login - Click on logging button
2025-02-11 15:48:20 [main] INFO  login - Opening the browser
2025-02-11 15:48:21 [main] INFO  login - Redirect to login page
2025-02-11 15:48:21 [main] INFO  login - Enter valid email and password
2025-02-11 15:48:21 [main] INFO  login - Click on logging button
2025-02-11 15:48:21 [main] INFO  login - navigate to home page
2025-02-11 15:48:22 [main] INFO  login - close the browser
2025-02-11 15:48:23 [main] INFO  login - Opening the browser
2025-02-11 15:48:23 [main] INFO  login - Redirect to login page
2025-02-11 15:48:25 [main] INFO  login - Enter invalid email and password
2025-02-11 15:48:26 [main] INFO  login - Click on logging button
2025-02-11 15:49:21 [main] INFO  login - Opening the browser
2025-02-11 15:49:21 [main] INFO  login - Redirect to login page
2025-02-11 15:49:22 [main] INFO  login - Enter valid email and password
2025-02-11 15:49:22 [main] INFO  login - Click on logging button
2025-02-11 15:49:22 [main] INFO  login - navigate to home page
2025-02-11 15:49:23 [main] INFO  login - close the browser
2025-02-11 15:49:23 [main] INFO  login - Opening the browser
2025-02-11 15:49:24 [main] INFO  login - Redirect to login page
2025-02-11 15:49:29 [main] INFO  login - Enter invalid email and password
2025-02-11 15:49:29 [main] INFO  login - Click on logging button
2025-02-11 15:57:09 [main] INFO  login - Opening the browser
2025-02-11 15:57:09 [main] INFO  login - Redirect to login page
2025-02-11 15:57:10 [main] INFO  login - Enter valid email and password
2025-02-11 15:57:10 [main] INFO  login - Click on logging button
2025-02-11 15:57:10 [main] INFO  login - navigate to home page
2025-02-11 15:57:10 [main] INFO  login - close the browser
2025-02-11 15:57:11 [main] INFO  login - Opening the browser
2025-02-11 15:57:12 [main] INFO  login - Redirect to login page
2025-02-11 15:57:17 [main] INFO  login - Enter invalid email and password
2025-02-11 15:57:17 [main] INFO  login - Click on logging button
2025-02-11 15:57:18 [main] INFO  login - Error message for invalid credentails
2025-02-11 15:57:18 [main] INFO  login - close the browser
2025-02-19 08:43:43 [main] INFO  login - Opening the browser
2025-02-19 08:43:43 [main] INFO  login - Redirect to login page
2025-02-19 08:43:44 [main] INFO  login - Enter valid email and password
2025-02-19 08:43:44 [main] INFO  login - Click on logging button
2025-02-19 08:43:46 [main] INFO  login - navigate to home page
2025-02-19 08:43:47 [main] INFO  login - close the browser
2025-02-19 08:43:48 [main] INFO  login - Opening the browser
2025-02-19 08:43:48 [main] INFO  login - Redirect to login page
2025-02-19 08:43:53 [main] INFO  login - Enter invalid email and password
2025-02-19 08:43:53 [main] INFO  login - Click on logging button
2025-02-19 08:43:55 [main] INFO  login - Error message for invalid credentails
2025-02-19 08:43:55 [main] INFO  login - close the browser
2025-02-19 08:43:56 [main] INFO  login - Opening the browser
2025-02-19 08:43:57 [main] INFO  login - Opening the browser
2025-02-19 08:43:58 [main] INFO  login - Redirect to signup page
2025-02-19 08:44:03 [main] INFO  login - Enter Invalid email and password
2025-02-19 08:44:04 [main] INFO  login - close the browser
2025-02-19 08:44:05 [main] INFO  login - Opening the browser
2025-02-19 08:44:05 [main] INFO  login - Redirect to signup page
2025-02-19 08:44:05 [main] INFO  login - Enter valid firstname and lastname
2025-02-19 08:44:05 [main] INFO  login - Error message for invalid firstname and lastname
2025-02-19 08:44:05 [main] INFO  login - close the browser
2025-02-19 08:44:06 [main] INFO  login - Opening the browser
2025-02-19 08:44:07 [main] INFO  login - close the browser
2025-02-19 08:44:08 [main] INFO  login - Opening the browser
2025-02-19 08:44:09 [main] INFO  login - Enter valid password
2025-02-19 08:44:09 [main] INFO  login - close the browser
2025-02-19 08:44:10 [main] INFO  login - Opening the browser
2025-02-19 08:44:11 [main] INFO  login - Enter invalid password
2025-02-19 08:44:11 [main] INFO  login - close the browser
2025-02-19 08:44:12 [main] INFO  login - Opening the browser
2025-02-19 08:44:13 [main] INFO  login - Enter valid email
2025-02-19 08:44:13 [main] INFO  login - close the browser
2025-02-19 08:44:14 [main] INFO  login - Opening the browser
2025-02-19 08:44:16 [main] INFO  login - close the browser
2025-02-19 08:49:54 [main] INFO  login - Opening the browser
2025-02-19 08:49:55 [main] INFO  login - Redirect to login page
2025-02-19 08:49:55 [main] INFO  login - Enter valid email and password
2025-02-19 08:49:55 [main] INFO  login - Click on logging button
2025-02-19 08:49:56 [main] INFO  login - navigate to home page
2025-02-19 08:49:56 [main] INFO  login - close the browser
2025-02-19 08:49:57 [main] INFO  login - Opening the browser
2025-02-19 08:49:58 [main] INFO  login - Redirect to login page
2025-02-19 08:50:04 [main] INFO  login - Enter invalid email and password
2025-02-19 08:50:04 [main] INFO  login - Click on logging button
2025-02-19 08:50:05 [main] INFO  login - Error message for invalid credentails
2025-02-19 08:50:05 [main] INFO  login - close the browser
2025-02-19 08:50:06 [main] INFO  login - Opening the browser
2025-02-19 08:50:06 [main] INFO  login - Redirect to login page
2025-02-19 08:50:12 [main] INFO  login - Enter invalid email and password
2025-02-19 08:50:13 [main] INFO  login - Error message for invalid credentails
2025-02-19 08:50:13 [main] INFO  login - close the browser
2025-02-19 08:50:14 [main] INFO  login - Opening the browser
2025-02-19 08:50:15 [main] INFO  login - Redirect to signup page
2025-02-19 08:50:20 [main] INFO  login - Enter Invalid email and password
2025-02-19 08:50:20 [main] INFO  login - close the browser
2025-02-19 08:50:21 [main] INFO  login - Opening the browser
2025-02-19 08:50:23 [main] INFO  login - Redirect to signup page
2025-02-19 08:50:24 [main] INFO  login - Enter valid firstname and lastname
2025-02-19 08:50:24 [main] INFO  login - Error message for invalid firstname and lastname
2025-02-19 08:50:24 [main] INFO  login - close the browser
2025-02-19 08:50:25 [main] INFO  login - Opening the browser
2025-02-19 08:50:26 [main] INFO  login - close the browser
2025-02-19 08:50:27 [main] INFO  login - Opening the browser
2025-02-19 08:50:28 [main] INFO  login - Enter valid password
2025-02-19 08:50:28 [main] INFO  login - close the browser
2025-02-19 08:50:29 [main] INFO  login - Opening the browser
2025-02-19 08:50:30 [main] INFO  login - Enter invalid password
2025-02-19 08:50:30 [main] INFO  login - close the browser
2025-02-19 08:50:31 [main] INFO  login - Opening the browser
2025-02-19 08:50:33 [main] INFO  login - Enter valid email
2025-02-19 08:50:33 [main] INFO  login - close the browser
2025-02-19 08:50:34 [main] INFO  login - Opening the browser
2025-02-19 08:50:36 [main] INFO  login - close the browser
